<?xml version="1.0" encoding="UTF-8"?>
<!-- Generated by org.testng.reporters.JUnitReportReporter -->
<testsuite name="com.weatherdata.API.WeatherDataAPITest" tests="1" time="9.222" ignored="0" failures="0" timestamp="17 Aug 2023 03:36:37 GMT" skipped="0" hostname="DESKTOP-VUFLIJL" errors="0">
  <testcase name="weather" time="9.222" classname="com.weatherdata.API.WeatherDataAPITest"/>
</testsuite> <!-- com.weatherdata.API.WeatherDataAPITest -->
